<?xml version="1.0" encoding="UTF-8"?>
<!-- Generated by org.testng.reporters.JUnitReportReporter -->
<testsuite skipped="0" hostname="KSI050" name="TestNg.Practice2" tests="1" failures="0" timestamp="6 Jul 2019 06:16:42 GMT" time="0.000" errors="0">
  <testcase name="test3" time="0.000" classname="TestNg.Practice2"/>
</testsuite> <!-- TestNg.Practice2 -->
