<?xml version="1.0" encoding="UTF-8"?>
<!-- Generated by org.testng.reporters.JUnitReportReporter -->
<testsuite skipped="0" hostname="KSI050" name="tests.POMNavigation" tests="1" failures="0" timestamp="7 Jul 2019 08:54:28 GMT" time="6.146" errors="0">
  <testcase name="verifyLogin" time="6.146" classname="tests.POMNavigation"/>
</testsuite> <!-- tests.POMNavigation -->
