<?xml version="1.0" encoding="UTF-8"?>
<!-- Generated by org.testng.reporters.JUnitReportReporter -->
<testsuite skipped="0" hostname="KSI050" name="TestNg.Demo" tests="1" failures="0" timestamp="6 Jul 2019 12:48:34 GMT" time="0.012" errors="0">
  <testcase name="t" time="0.012" classname="TestNg.Demo"/>
</testsuite> <!-- TestNg.Demo -->
