<?xml version="1.0" encoding="UTF-8"?>
<!-- Generated by org.testng.reporters.JUnitReportReporter -->
<testsuite skipped="0" hostname="KSI050" name="TestNg.Login" tests="1" failures="0" timestamp="6 Jul 2019 12:49:04 GMT" time="3.204" errors="0">
  <testcase name="searchFunctionality" time="3.204" classname="TestNg.Login"/>
</testsuite> <!-- TestNg.Login -->
