<?xml version="1.0" encoding="UTF-8"?>
<!-- Generated by org.testng.reporters.JUnitReportReporter -->
<testsuite skipped="0" hostname="KSI050" name="TestNg.Login" tests="1" failures="0" timestamp="07 Jul 2019 11:45:52 GMT" time="2.132" errors="0">
  <testcase name="searchFunctionality" time="2.132" classname="TestNg.Login"/>
</testsuite> <!-- TestNg.Login -->
